info it worked if it ends with ok
verbose cli [ '/usr/bin/nodejs', '/usr/bin/npm', 'install', 'spdy' ]
info using npm@1.1.4
info using node@v0.6.19
verbose config file /home/ubuntu/.npmrc
verbose config file /usr/etc/npmrc
verbose config file /usr/share/npm/npmrc
verbose caching /home/ubuntu/epload/client_spdy/node_modules/module/package.json
verbose loadDefaults module@0.0.1
verbose caching /home/ubuntu/epload/client_spdy/node_modules/spdy/package.json
verbose loadDefaults spdy@1.8.13
verbose cache add [ 'spdy', null ]
silly cache add: name, spec, args [ undefined, 'spdy', [ 'spdy', null ] ]
verbose parsed url { pathname: 'spdy', path: 'spdy', href: 'spdy' }
verbose addNamed [ 'spdy', '' ]
verbose addNamed [ null, '' ]
silly name, range, hasData [ 'spdy', '', false ]
verbose raw, before any munging spdy
verbose url resolving [ 'https://registry.npmjs.org/', './spdy' ]
verbose url resolved https://registry.npmjs.org/spdy
http GET https://registry.npmjs.org/spdy
ERR! Error: failed to fetch from registry: spdy
ERR!     at /usr/share/npm/lib/utils/npm-registry-client/get.js:139:12
ERR!     at cb (/usr/share/npm/lib/utils/npm-registry-client/request.js:31:9)
ERR!     at Request._callback (/usr/share/npm/lib/utils/npm-registry-client/request.js:136:18)
ERR!     at Request.callback (/usr/lib/nodejs/request/main.js:119:22)
ERR!     at Request.<anonymous> (/usr/lib/nodejs/request/main.js:212:58)
ERR!     at Request.emit (events.js:88:20)
ERR!     at ClientRequest.<anonymous> (/usr/lib/nodejs/request/main.js:412:12)
ERR!     at ClientRequest.g (events.js:156:14)
ERR!     at ClientRequest.emit (events.js:67:17)
ERR!     at HTTPParser.parserOnIncomingClient [as onIncoming] (http.js:1256:7)
ERR! You may report this log at:
ERR!     <http://bugs.debian.org/npm>
ERR! or use
ERR!     reportbug --attach /home/ubuntu/epload/client_spdy/npm-debug.log npm
ERR! 
ERR! System Linux 3.5.0-21-generic
ERR! command "/usr/bin/nodejs" "/usr/bin/npm" "install" "spdy"
ERR! cwd /home/ubuntu/epload/client_spdy
ERR! node -v v0.6.19
ERR! npm -v 1.1.4
ERR! message failed to fetch from registry: spdy
verbose exit [ 1, true ]
